<?xml version="1.0" encoding='UTF-8'?>
<report id="test-grp-1" title="Ведомость 1" password="123" target="XSSF" preserveTemplate="true"
        xmlns:xsi="http://www.w3.org/2001/XMLSchema-instance"
        xsi:noNamespaceSchemaLocation="http://echosoft.org/java/excel-reports/reports.xsd">

  <description>
    <company>echosoft</company>
    <author>Anton Sharapov</author>
    <version>1.2</version>
  </description>

  <list-data-provider id="ds1" data="${env:invoices}" />
  <list-data-provider id="ds2" data="${env:payments}" />

  <sheet id="sheet1" title="группировка-1" group-columns="C-E">
    <plain-section id="s11" height="1" />
    <grouping-section id="s12" rowHeight="1" indentColumns="A" provider="ds1">
      <group discriminatorField="contragent" collapsed="true" />
    </grouping-section>
    <plain-section id="s13" height="1" />
  </sheet>

  <sheet id="sheet2" title="группировка-2">
    <plain-section id="s21" height="1" />
    <grouping-section id="s22" rowHeight="1" indentColumns="A" provider="ds1">
      <group discriminatorField="contragent" collapsed="false" />
      <group discriminatorField="name" collapsed="false" />
    </grouping-section>
    <plain-section id="s23" height="1" />
  </sheet>

</report>